Arguments: 
  C:\Program Files\nodejs\node.exe C:\Users\Ruslan_02_02\AppData\Roaming\npm\node_modules\yarn\bin\yarn.js add -D @types/yup

PATH: 
  C:\Users\Ruslan_02_02\bin;C:\Program Files\Git\mingw64\bin;C:\Program Files\Git\usr\local\bin;C:\Program Files\Git\usr\bin;C:\Program Files\Git\usr\bin;C:\Program Files\Git\mingw64\bin;C:\Program Files\Git\usr\bin;C:\Users\Ruslan_02_02\bin;C:\WINDOWS\system32;C:\WINDOWS;C:\WINDOWS\System32\Wbem;C:\WINDOWS\System32\WindowsPowerShell\v1.0;C:\WINDOWS\System32\OpenSSH;C:\Program Files\nodejs;C:\Program Files\Git\cmd;C:\Users\Ruslan_02_02\AppData\Local\Microsoft\WindowsApps;C:\Users\Ruslan_02_02\AppData\Local\Programs\Microsoft VS Code\bin;C:\Users\Ruslan_02_02\AppData\Roaming\npm;C:\Program Files\Git\usr\bin\vendor_perl;C:\Program Files\Git\usr\bin\core_perl

Yarn version: 
  1.22.19

Node version: 
  18.15.0

Platform: 
  win32 x64

Trace: 
  Error: EPERM: operation not permitted, copyfile 'C:\Users\Ruslan_02_02\AppData\Local\Yarn\Cache\v6\npm-ansi-html-community-0.0.8-69fbc4d6ccbe383f9736934ae34c3f8290f1bf41-integrity\node_modules\ansi-html-community\package.json' -> 'C:\Users\Ruslan_02_02\OneDrive\Рабочий стол\G-11\start_ts\user-password_finished\user-name-hwork\node_modules\ansi-html-community\package.json'

npm manifest: 
  {
  	"name": "webpack-typescript",
  	"version": "1.0.0",
  	"main": "src/index.ts",
  	"repository": "https://github.com/PDP-FRONTEND/PDP-G-10.git",
  	"author": "arslonbekXX <arslonbek.lion067@gmail.com>",
  	"license": "MIT",
  	"scripts": {
  		"start": "webpack-dev-server --mode development",
  		"build": "webpack --mode production"
  	},
  	"devDependencies": {
  		"@types/yup": "^0.32.0",
  		"css-loader": "^6.8.1",
  		"html-webpack-plugin": "^5.5.3",
  		"mini-css-extract-plugin": "^2.7.6",
  		"ts-loader": "^9.4.4",
  		"webpack": "^5.88.2",
  		"webpack-cli": "^5.1.4",
  		"webpack-dev-server": "^4.15.1"
  	},
  	"dependencies": {
  		"typescript": "^5.1.6"
  	}
  }

yarn manifest: 
  No manifest

Lockfile: 
  # THIS IS AN AUTOGENERATED FILE. DO NOT EDIT THIS FILE DIRECTLY.
  # yarn lockfile v1
